<?xml version="1.0" encoding="UTF-8"?>
<robot generator="Robot 7.4.1 (Python 3.13.3 on win32)" generated="2026-01-02T21:45:35.022588" rpa="false" schemaversion="5">
<suite id="s1" name="UAT02 1" source="C:\Users\User\Documents\GitHub\SF_Lab4\UAT02\case1\UAT02_1.robot">
<test id="s1-t1" name="Open And Login" line="11">
<kw name="Create Directory" owner="OperatingSystem">
<msg time="2026-01-02T21:45:35.180265" level="INFO" html="true">Created directory '&lt;a href="file://C:\Users\User\Documents\GitHub\SF_Lab4\UAT02\case1\Screenshot"&gt;C:\Users\User\Documents\GitHub\SF_Lab4\UAT02\case1\Screenshot&lt;/a&gt;'.</msg>
<arg>${SCREENSHOT_DIR}</arg>
<doc>Creates the specified directory.</doc>
<status status="PASS" start="2026-01-02T21:45:35.179713" elapsed="0.000614"/>
</kw>
<kw name="Open Browser" owner="SeleniumLibrary">
<msg time="2026-01-02T21:45:35.180649" level="INFO">Opening browser 'Chrome' to base url 'http://localhost:7272/StarterFiles/Registration.html'.</msg>
<arg>${URL}</arg>
<arg>${BROWSER}</arg>
<doc>Opens a new browser instance to the optional ``url``.</doc>
<status status="PASS" start="2026-01-02T21:45:35.180518" elapsed="1.358219"/>
</kw>
<kw name="Maximize Browser Window" owner="SeleniumLibrary">
<doc>Maximizes current browser window.</doc>
<status status="PASS" start="2026-01-02T21:45:36.539008" elapsed="0.029841"/>
</kw>
<kw name="Capture Page Screenshot" owner="SeleniumLibrary">
<msg time="2026-01-02T21:45:36.633101" level="INFO" html="true">&lt;/td&gt;&lt;/tr&gt;&lt;tr&gt;&lt;td colspan="3"&gt;&lt;a href="Screenshot/open_registration.png"&gt;&lt;img src="Screenshot/open_registration.png" width="800px"&gt;&lt;/a&gt;</msg>
<arg>${SCREENSHOT_DIR}/open_registration.png</arg>
<doc>Takes a screenshot of the current page and embeds it into a log file.</doc>
<status status="PASS" start="2026-01-02T21:45:36.569047" elapsed="0.064132"/>
</kw>
<kw name="Wait Until Element Is Visible" owner="SeleniumLibrary">
<arg>css=input[name="firstname"]</arg>
<arg>15s</arg>
<doc>Waits until the element ``locator`` is visible.</doc>
<status status="PASS" start="2026-01-02T21:45:36.633380" elapsed="0.012651"/>
</kw>
<kw name="Input Text" owner="SeleniumLibrary">
<msg time="2026-01-02T21:45:36.646414" level="INFO">Typing text 'Sodsai' into text field 'css=input[name="lastname"]'.</msg>
<arg>css=input[name="lastname"]</arg>
<arg>Sodsai</arg>
<doc>Types the given ``text`` into the text field identified by ``locator``.</doc>
<status status="PASS" start="2026-01-02T21:45:36.646256" elapsed="0.055142"/>
</kw>
<kw name="Input Text" owner="SeleniumLibrary">
<msg time="2026-01-02T21:45:36.701897" level="INFO">Typing text 'CS KKU' into text field 'css=input[name="organization"]'.</msg>
<arg>css=input[name="organization"]</arg>
<arg>CS KKU</arg>
<doc>Types the given ``text`` into the text field identified by ``locator``.</doc>
<status status="PASS" start="2026-01-02T21:45:36.701712" elapsed="0.041592"/>
</kw>
<kw name="Input Text" owner="SeleniumLibrary">
<msg time="2026-01-02T21:45:36.743777" level="INFO">Typing text 'somyod@kkumail.com' into text field 'css=input[name="email"]'.</msg>
<arg>css=input[name="email"]</arg>
<arg>somyod@kkumail.com</arg>
<doc>Types the given ``text`` into the text field identified by ``locator``.</doc>
<status status="PASS" start="2026-01-02T21:45:36.743571" elapsed="0.049968"/>
</kw>
<kw name="Input Text" owner="SeleniumLibrary">
<msg time="2026-01-02T21:45:36.794051" level="INFO">Typing text '091-001-1234' into text field 'css=input[name="phone"]'.</msg>
<arg>css=input[name="phone"]</arg>
<arg>091-001-1234</arg>
<doc>Types the given ``text`` into the text field identified by ``locator``.</doc>
<status status="PASS" start="2026-01-02T21:45:36.793846" elapsed="0.046181"/>
</kw>
<kw name="Capture Page Screenshot" owner="SeleniumLibrary">
<msg time="2026-01-02T21:45:36.902843" level="INFO" html="true">&lt;/td&gt;&lt;/tr&gt;&lt;tr&gt;&lt;td colspan="3"&gt;&lt;a href="Screenshot/fill.png"&gt;&lt;img src="Screenshot/fill.png" width="800px"&gt;&lt;/a&gt;</msg>
<arg>${SCREENSHOT_DIR}/fill.png</arg>
<doc>Takes a screenshot of the current page and embeds it into a log file.</doc>
<status status="PASS" start="2026-01-02T21:45:36.840339" elapsed="0.062579"/>
</kw>
<kw name="Click Button" owner="SeleniumLibrary">
<msg time="2026-01-02T21:45:36.903261" level="INFO">Clicking button 'id=registerButton'.</msg>
<arg>id=registerButton</arg>
<doc>Clicks the button identified by ``locator``.</doc>
<status status="PASS" start="2026-01-02T21:45:36.903118" elapsed="0.042732"/>
</kw>
<kw name="Wait Until Page Contains" owner="SeleniumLibrary">
<arg>*Please enter your first name!!</arg>
<arg>15s</arg>
<doc>Waits until ``text`` appears on the current page.</doc>
<status status="PASS" start="2026-01-02T21:45:36.946086" elapsed="0.006493"/>
</kw>
<kw name="Capture Page Screenshot" owner="SeleniumLibrary">
<msg time="2026-01-02T21:45:37.030061" level="INFO" html="true">&lt;/td&gt;&lt;/tr&gt;&lt;tr&gt;&lt;td colspan="3"&gt;&lt;a href="Screenshot/result.png"&gt;&lt;img src="Screenshot/result.png" width="800px"&gt;&lt;/a&gt;</msg>
<arg>${SCREENSHOT_DIR}/result.png</arg>
<doc>Takes a screenshot of the current page and embeds it into a log file.</doc>
<status status="PASS" start="2026-01-02T21:45:36.952779" elapsed="0.077363"/>
</kw>
<kw name="Close Browser" owner="SeleniumLibrary" type="TEARDOWN">
<doc>Closes the current browser.</doc>
<status status="PASS" start="2026-01-02T21:45:37.030494" elapsed="2.076437"/>
</kw>
<status status="PASS" start="2026-01-02T21:45:35.178796" elapsed="3.928381"/>
</test>
<status status="PASS" start="2026-01-02T21:45:35.024044" elapsed="4.083901"/>
</suite>
<statistics>
<total>
<stat pass="1" fail="0" skip="0">All Tests</stat>
</total>
<tag>
</tag>
<suite>
<stat name="UAT02 1" id="s1" pass="1" fail="0" skip="0">UAT02 1</stat>
</suite>
</statistics>
<errors>
</errors>
</robot>
