<?xml version="1.0" encoding="UTF-8"?>
<robot generator="Robot 7.4.1 (Python 3.13.3 on win32)" generated="2025-12-31T05:15:58.884768" rpa="false" schemaversion="5">
<suite id="s1" name="Test" source="C:\Users\User\Documents\GitHub\SF_Lab4\testweb\test.robot">
<test id="s1-t1" name="Open And Login" line="9">
<kw name="Open Browser" owner="SeleniumLibrary">
<msg time="2025-12-31T05:15:59.029385" level="INFO">Opening browser 'Chrome' to base url 'https://opensource-demo.orangehrmlive.com/web/index.php/auth/login'.</msg>
<arg>${URL}</arg>
<arg>${BROWSER}</arg>
<doc>Opens a new browser instance to the optional ``url``.</doc>
<status status="PASS" start="2025-12-31T05:15:59.029212" elapsed="3.889893"/>
</kw>
<kw name="Maximize Browser Window" owner="SeleniumLibrary">
<doc>Maximizes current browser window.</doc>
<status status="PASS" start="2025-12-31T05:16:02.919396" elapsed="0.032835"/>
</kw>
<kw name="Wait Until Element Is Visible" owner="SeleniumLibrary">
<arg>css=input[name="username"]</arg>
<arg>15s</arg>
<doc>Waits until the element ``locator`` is visible.</doc>
<status status="PASS" start="2025-12-31T05:16:02.952547" elapsed="0.425986"/>
</kw>
<kw name="Input Text" owner="SeleniumLibrary">
<msg time="2025-12-31T05:16:03.378953" level="INFO">Typing text 'Admin' into text field 'css=input[name="username"]'.</msg>
<arg>css=input[name="username"]</arg>
<arg>Admin</arg>
<doc>Types the given ``text`` into the text field identified by ``locator``.</doc>
<status status="PASS" start="2025-12-31T05:16:03.378778" elapsed="0.039486"/>
</kw>
<kw name="Input Text" owner="SeleniumLibrary">
<msg time="2025-12-31T05:16:03.418783" level="INFO">Typing text 'admin123' into text field 'css=input[name="password"]'.</msg>
<arg>css=input[name="password"]</arg>
<arg>admin123</arg>
<doc>Types the given ``text`` into the text field identified by ``locator``.</doc>
<status status="PASS" start="2025-12-31T05:16:03.418562" elapsed="0.042806"/>
</kw>
<kw name="Click Button" owner="SeleniumLibrary">
<msg time="2025-12-31T05:16:03.461768" level="INFO">Clicking button 'css=button[type="submit"]'.</msg>
<arg>css=button[type="submit"]</arg>
<doc>Clicks the button identified by ``locator``.</doc>
<status status="PASS" start="2025-12-31T05:16:03.461603" elapsed="0.038357"/>
</kw>
<kw name="Wait Until Page Contains" owner="SeleniumLibrary">
<arg>Dashboard</arg>
<arg>15s</arg>
<doc>Waits until ``text`` appears on the current page.</doc>
<status status="PASS" start="2025-12-31T05:16:03.500263" elapsed="1.849351"/>
</kw>
<kw name="Close Browser" owner="SeleniumLibrary" type="TEARDOWN">
<doc>Closes the current browser.</doc>
<status status="PASS" start="2025-12-31T05:16:05.349961" elapsed="2.089568"/>
</kw>
<status status="PASS" start="2025-12-31T05:15:59.028652" elapsed="8.411053"/>
</test>
<status status="PASS" start="2025-12-31T05:15:58.885962" elapsed="8.554188"/>
</suite>
<statistics>
<total>
<stat pass="1" fail="0" skip="0">All Tests</stat>
</total>
<tag>
</tag>
<suite>
<stat name="Test" id="s1" pass="1" fail="0" skip="0">Test</stat>
</suite>
</statistics>
<errors>
</errors>
</robot>
