<?xml version="1.0" encoding="UTF-8"?>
<robot generator="Robot 7.4.1 (Python 3.13.3 on win32)" generated="2026-01-02T21:34:38.339121" rpa="false" schemaversion="5">
<suite id="s1" name="UAT02 2" source="C:\Users\User\Documents\GitHub\SF_Lab4\UAT01\case2\UAT02_2.robot">
<test id="s1-t1" name="Open And Login" line="11">
<kw name="Create Directory" owner="OperatingSystem">
<msg time="2026-01-02T21:34:38.494964" level="INFO" html="true">Created directory '&lt;a href="file://C:\Users\User\Documents\GitHub\SF_Lab4\UAT01\case2\Screenshot"&gt;C:\Users\User\Documents\GitHub\SF_Lab4\UAT01\case2\Screenshot&lt;/a&gt;'.</msg>
<arg>${SCREENSHOT_DIR}</arg>
<doc>Creates the specified directory.</doc>
<status status="PASS" start="2026-01-02T21:34:38.494591" elapsed="0.000447"/>
</kw>
<kw name="Open Browser" owner="SeleniumLibrary">
<msg time="2026-01-02T21:34:38.495343" level="INFO">Opening browser 'Chrome' to base url 'http://localhost:7272/StarterFiles/Registration.html'.</msg>
<arg>${URL}</arg>
<arg>${BROWSER}</arg>
<doc>Opens a new browser instance to the optional ``url``.</doc>
<status status="PASS" start="2026-01-02T21:34:38.495217" elapsed="1.349183"/>
</kw>
<kw name="Maximize Browser Window" owner="SeleniumLibrary">
<doc>Maximizes current browser window.</doc>
<status status="PASS" start="2026-01-02T21:34:39.844650" elapsed="0.031006"/>
</kw>
<kw name="Capture Page Screenshot" owner="SeleniumLibrary">
<msg time="2026-01-02T21:34:39.945625" level="INFO" html="true">&lt;/td&gt;&lt;/tr&gt;&lt;tr&gt;&lt;td colspan="3"&gt;&lt;a href="Screenshot/open_registration.png"&gt;&lt;img src="Screenshot/open_registration.png" width="800px"&gt;&lt;/a&gt;</msg>
<arg>${SCREENSHOT_DIR}/open_registration.png</arg>
<doc>Takes a screenshot of the current page and embeds it into a log file.</doc>
<status status="PASS" start="2026-01-02T21:34:39.875859" elapsed="0.069858"/>
</kw>
<kw name="Wait Until Element Is Visible" owner="SeleniumLibrary">
<arg>css=input[name="firstname"]</arg>
<arg>15s</arg>
<doc>Waits until the element ``locator`` is visible.</doc>
<status status="PASS" start="2026-01-02T21:34:39.945944" elapsed="0.013623"/>
</kw>
<kw name="Input Text" owner="SeleniumLibrary">
<msg time="2026-01-02T21:34:39.959913" level="INFO">Typing text 'Somyod' into text field 'css=input[name="firstname"]'.</msg>
<arg>css=input[name="firstname"]</arg>
<arg>Somyod</arg>
<doc>Types the given ``text`` into the text field identified by ``locator``.</doc>
<status status="PASS" start="2026-01-02T21:34:39.959762" elapsed="0.052864"/>
</kw>
<kw name="Input Text" owner="SeleniumLibrary">
<msg time="2026-01-02T21:34:40.013038" level="INFO">Typing text 'Sodsai' into text field 'css=input[name="lastname"]'.</msg>
<arg>css=input[name="lastname"]</arg>
<arg>Sodsai</arg>
<doc>Types the given ``text`` into the text field identified by ``locator``.</doc>
<status status="PASS" start="2026-01-02T21:34:40.012876" elapsed="0.063847"/>
</kw>
<kw name="Input Text" owner="SeleniumLibrary">
<msg time="2026-01-02T21:34:40.077206" level="INFO">Typing text 'somyod@kkumail.com' into text field 'css=input[name="email"]'.</msg>
<arg>css=input[name="email"]</arg>
<arg>somyod@kkumail.com</arg>
<doc>Types the given ``text`` into the text field identified by ``locator``.</doc>
<status status="PASS" start="2026-01-02T21:34:40.077050" elapsed="0.052565"/>
</kw>
<kw name="Input Text" owner="SeleniumLibrary">
<msg time="2026-01-02T21:34:40.130136" level="INFO">Typing text '091-001-1234' into text field 'css=input[name="phone"]'.</msg>
<arg>css=input[name="phone"]</arg>
<arg>091-001-1234</arg>
<doc>Types the given ``text`` into the text field identified by ``locator``.</doc>
<status status="PASS" start="2026-01-02T21:34:40.129917" elapsed="0.055151"/>
</kw>
<kw name="Capture Page Screenshot" owner="SeleniumLibrary">
<msg time="2026-01-02T21:34:40.246508" level="INFO" html="true">&lt;/td&gt;&lt;/tr&gt;&lt;tr&gt;&lt;td colspan="3"&gt;&lt;a href="Screenshot/fill.png"&gt;&lt;img src="Screenshot/fill.png" width="800px"&gt;&lt;/a&gt;</msg>
<arg>${SCREENSHOT_DIR}/fill.png</arg>
<doc>Takes a screenshot of the current page and embeds it into a log file.</doc>
<status status="PASS" start="2026-01-02T21:34:40.185506" elapsed="0.061088"/>
</kw>
<kw name="Click Button" owner="SeleniumLibrary">
<msg time="2026-01-02T21:34:40.246999" level="INFO">Clicking button 'id=registerButton'.</msg>
<arg>id=registerButton</arg>
<doc>Clicks the button identified by ``locator``.</doc>
<status status="PASS" start="2026-01-02T21:34:40.246843" elapsed="0.059898"/>
</kw>
<kw name="Wait Until Page Contains" owner="SeleniumLibrary">
<arg>Thank you for registering with us.</arg>
<arg>15s</arg>
<doc>Waits until ``text`` appears on the current page.</doc>
<status status="PASS" start="2026-01-02T21:34:40.307045" elapsed="0.006817"/>
</kw>
<kw name="Capture Page Screenshot" owner="SeleniumLibrary">
<msg time="2026-01-02T21:34:40.375039" level="INFO" html="true">&lt;/td&gt;&lt;/tr&gt;&lt;tr&gt;&lt;td colspan="3"&gt;&lt;a href="Screenshot/result.png"&gt;&lt;img src="Screenshot/result.png" width="800px"&gt;&lt;/a&gt;</msg>
<arg>${SCREENSHOT_DIR}/result.png</arg>
<doc>Takes a screenshot of the current page and embeds it into a log file.</doc>
<status status="PASS" start="2026-01-02T21:34:40.314064" elapsed="0.061052"/>
</kw>
<kw name="Close Browser" owner="SeleniumLibrary" type="TEARDOWN">
<doc>Closes the current browser.</doc>
<status status="PASS" start="2026-01-02T21:34:40.375381" elapsed="2.082039"/>
</kw>
<status status="PASS" start="2026-01-02T21:34:38.494023" elapsed="3.963629"/>
</test>
<status status="PASS" start="2026-01-02T21:34:38.340107" elapsed="4.118213"/>
</suite>
<statistics>
<total>
<stat pass="1" fail="0" skip="0">All Tests</stat>
</total>
<tag>
</tag>
<suite>
<stat name="UAT02 2" id="s1" pass="1" fail="0" skip="0">UAT02 2</stat>
</suite>
</statistics>
<errors>
</errors>
</robot>
